#-----------------------------------------------------------
# Vivado v2016.4 (64-bit)
# SW Build 1733598 on Wed Dec 14 22:35:39 MST 2016
# IP Build 1731160 on Wed Dec 14 23:47:21 MST 2016
# Start of session at: Wed Dec 16 01:21:43 2020
# Process ID: 18564
# Current directory: C:/Users/CSE.Amr213.CSE-P07-2165-12.001/Desktop/iman-rawan
# Command line: vivado.exe -gui_launcher_event rodinguilauncherevent19188 C:\Users\CSE.Amr213.CSE-P07-2165-12.001\Desktop\iman-rawan\iman-rawan.xpr
# Log file: C:/Users/CSE.Amr213.CSE-P07-2165-12.001/Desktop/iman-rawan/vivado.log
# Journal file: C:/Users/CSE.Amr213.CSE-P07-2165-12.001/Desktop/iman-rawan\vivado.jou
#-----------------------------------------------------------
start_gui
open_project C:/Users/CSE.Amr213.CSE-P07-2165-12.001/Desktop/iman-rawan/iman-rawan.xpr
INFO: [Project 1-313] Project file moved from 'C:/Users/CSE.Amr213.CSE-P07-2165-13.002/Desktop/iman-rawan' since last save.
Scanning sources...
Finished scanning sources
INFO: [IP_Flow 19-234] Refreshing IP repositories
INFO: [IP_Flow 19-1704] No user IP repositories specified
INFO: [IP_Flow 19-2313] Loaded Vivado IP repository 'C:/Xilinx/Vivado/2016.4/data/ip'.
open_project: Time (s): cpu = 00:00:13 ; elapsed = 00:00:08 . Memory (MB): peak = 709.367 ; gain = 88.418
exit
INFO: [Common 17-206] Exiting Vivado at Wed Dec 16exit
INFO: [Common 17-206] Exiting Vivado at Wed Dec 16 01:22:33 2020...
