Unable to capture context for thread 23124 in process 7512, can not generate back trace
Unable to capture context for thread 20824 in process 7512, can not generate back trace
Unable to capture context for thread 21972 in process 7512, can not generate back trace
Unable to capture context for thread 24236 in process 7512, can not generate back trace
Exception at PC 0x00007FFBD4D2A308
Unable to capture context for thread 21972 in process 7512, can not generate back trace
Exception at PC 0x00007FFB539EBB93
Printing stacktrace...

Exception at PC 0x00007FFBD4D2A308
Exception at PC 0x00007FFBD4D2A308
Exception at PC 0x00007FFBD4D2A308
Exception at PC 0x00007FFBD4D2A308
Exception at PC 0x00007FFBD4D2A308
Exception at PC 0x00007FFBD4D2A308
Exception at PC 0x00007FFBD4D2A308
Exception at PC 0x00007FFBD4D2A308
Exception at PC 0x00007FFBD4D2A308
Exception at PC 0x00007FFBD4D2A308
Exception at PC 0x00007FFBD4D2A308
Exception at PC 0x00007FFBD4D2A308
Exception at PC 0x00007FFBD4D2A308
[0]  [0x00007FFB539EBB93]
[1]  [0x00007FFB539EBB93]
[2]  [0x00007FFB539EB4A1]
[3]  [0x00007FFB539EB3EF]
[4]  [0x00007FFB539D19FE]
[5]  [0x00007FFB539D0ED1]
[6]  [0x00007FFB539D0D76]
[7]  [0x00007FFB539779F6]
[8]  [0x00007FFB53967AFB]
[9]  [0x00007FFB53A8E90A]
[10]  [0x00007FFB53AA9F87]
[11]  [0x00007FFB53AAA05F]
[12] (BaseThreadInitThunk+0x14) [0x00007FFBD7444034]
[13] (RtlUserThreadStart+0x21) [0x00007FFBD8373691]
Done
Exception at PC 0x00007FFBD4D2A308
Exception at PC 0x00007FFBD4D2A308
Exception at PC 0x00007FFBD4D2A308
Exception at PC 0x00007FFBD4D2A308
Exception at PC 0x00007FFBD4D2A308
Exception at PC 0x00007FFBD4D2A308
