Vivado Simulator 2016.4
Copyright 1986-1999, 2001-2016 Xilinx, Inc. All Rights Reserved.
Running: C:/Xilinx/Vivado/2016.4/bin/unwrapped/win64.o/xelab.exe -wto 3bb7d57ccb314e7ab85a0efd1ceeb01f --debug typical --relax --mt 2 -L xil_defaultlib -L unisims_ver -L unimacro_ver -L secureip --snapshot tb_division_behav xil_defaultlib.tb_division xil_defaultlib.glbl -log elaborate.log 
Using 2 slave threads.
Starting static elaboration
WARNING: [VRFC 10-278] actual bit length 8 differs from formal bit length 16 for port po [C:/Users/CSE.Amr213.CSE-P07-2165-12.001/Desktop/iman-rawan/iman-rawan.srcs/sources_1/new/division.v:48]
WARNING: [VRFC 10-278] actual bit length 8 differs from formal bit length 16 for port po [C:/Users/CSE.Amr213.CSE-P07-2165-12.001/Desktop/iman-rawan/iman-rawan.srcs/sources_1/new/division.v:49]
WARNING: [VRFC 10-278] actual bit length 8 differs from formal bit length 16 for port po [C:/Users/CSE.Amr213.CSE-P07-2165-12.001/Desktop/iman-rawan/iman-rawan.srcs/sources_1/new/division.v:72]
WARNING: [VRFC 10-278] actual bit length 8 differs from formal bit length 16 for port po [C:/Users/CSE.Amr213.CSE-P07-2165-12.001/Desktop/iman-rawan/iman-rawan.srcs/sources_1/new/division.v:73]
Completed static elaboration
Starting simulation data flow analysis
WARNING: [XSIM 43-4099] "C:/Users/CSE.Amr213.CSE-P07-2165-12.001/Desktop/iman-rawan/iman-rawan.srcs/sources_1/new/division.v" Line 4. Module division doesn't have a timescale but at least one module in design has a timescale.
WARNING: [XSIM 43-4099] "C:/Users/CSE.Amr213.CSE-P07-2165-12.001/Desktop/iman-rawan/iman-rawan.srcs/sources_1/new/division.v" Line 4. Module division doesn't have a timescale but at least one module in design has a timescale.
Completed simulation data flow analysis
Time Resolution for simulation is 1ps
Compiling module xil_defaultlib.FA
Compiling module xil_defaultlib.rca8
Compiling module xil_defaultlib.mux2x1
Compiling module xil_defaultlib.division
Compiling module xil_defaultlib.tb_division
Compiling module xil_defaultlib.glbl
Built simulation snapshot tb_division_behav
